1642335999.818340 client started (12332): version 2.6, socket /tmp/tmux-1000/default, protocol 8
1642335999.818420 on Linux 5.4.0-92-generic #103~18.04.2-Ubuntu SMP Wed Dec 1 16:50:36 UTC 2021; libevent 2.1.8-stable (poll)
1642335999.818460 socket is /tmp/tmux-1000/default
1642335999.818496 trying connect
1642335999.818646 add peer 0x55f0a9e44250: 6 ((nil))
1642335999.818795 sending message 100 to peer 0x55f0a9e44250 (4 bytes)
1642335999.818815 sending message 101 to peer 0x55f0a9e44250 (16 bytes)
1642335999.818825 sending message 102 to peer 0x55f0a9e44250 (12 bytes)
1642335999.818834 sending message 108 to peer 0x55f0a9e44250 (87 bytes)
1642335999.818844 sending message 104 to peer 0x55f0a9e44250 (0 bytes)
1642335999.818854 sending message 107 to peer 0x55f0a9e44250 (4 bytes)
1642335999.818863 sending message 105 to peer 0x55f0a9e44250 (22 bytes)
1642335999.818872 sending message 105 to peer 0x55f0a9e44250 (47 bytes)
1642335999.818881 sending message 105 to peer 0x55f0a9e44250 (27 bytes)
1642335999.818895 sending message 105 to peer 0x55f0a9e44250 (30 bytes)
1642335999.818904 sending message 105 to peer 0x55f0a9e44250 (21 bytes)
1642335999.818912 sending message 105 to peer 0x55f0a9e44250 (24 bytes)
1642335999.818920 sending message 105 to peer 0x55f0a9e44250 (23 bytes)
1642335999.818929 sending message 105 to peer 0x55f0a9e44250 (38 bytes)
1642335999.818937 sending message 105 to peer 0x55f0a9e44250 (34 bytes)
1642335999.818946 sending message 105 to peer 0x55f0a9e44250 (49 bytes)
1642335999.818954 sending message 105 to peer 0x55f0a9e44250 (17 bytes)
1642335999.818963 sending message 105 to peer 0x55f0a9e44250 (15 bytes)
1642335999.818971 sending message 105 to peer 0x55f0a9e44250 (108 bytes)
1642335999.818979 sending message 105 to peer 0x55f0a9e44250 (23 bytes)
1642335999.818988 sending message 105 to peer 0x55f0a9e44250 (11 bytes)
1642335999.818996 sending message 105 to peer 0x55f0a9e44250 (106 bytes)
1642335999.819009 sending message 105 to peer 0x55f0a9e44250 (34 bytes)
1642335999.819018 sending message 105 to peer 0x55f0a9e44250 (32 bytes)
1642335999.819027 sending message 105 to peer 0x55f0a9e44250 (11 bytes)
1642335999.819035 sending message 105 to peer 0x55f0a9e44250 (20 bytes)
1642335999.819043 sending message 105 to peer 0x55f0a9e44250 (11 bytes)
1642335999.819051 sending message 105 to peer 0x55f0a9e44250 (35 bytes)
1642335999.819060 sending message 105 to peer 0x55f0a9e44250 (41 bytes)
1642335999.819068 sending message 105 to peer 0x55f0a9e44250 (28 bytes)
1642335999.819077 sending message 105 to peer 0x55f0a9e44250 (54 bytes)
1642335999.819086 sending message 105 to peer 0x55f0a9e44250 (49 bytes)
1642335999.819094 sending message 105 to peer 0x55f0a9e44250 (20 bytes)
1642335999.819102 sending message 105 to peer 0x55f0a9e44250 (18 bytes)
1642335999.819110 sending message 105 to peer 0x55f0a9e44250 (46 bytes)
1642335999.819119 sending message 105 to peer 0x55f0a9e44250 (8 bytes)
1642335999.819127 sending message 105 to peer 0x55f0a9e44250 (23 bytes)
1642335999.819136 sending message 105 to peer 0x55f0a9e44250 (18 bytes)
1642335999.819173 sending message 105 to peer 0x55f0a9e44250 (33 bytes)
1642335999.819185 sending message 105 to peer 0x55f0a9e44250 (51 bytes)
1642335999.819194 sending message 105 to peer 0x55f0a9e44250 (91 bytes)
1642335999.819202 sending message 105 to peer 0x55f0a9e44250 (14 bytes)
1642335999.819211 sending message 105 to peer 0x55f0a9e44250 (21 bytes)
1642335999.819220 sending message 105 to peer 0x55f0a9e44250 (19 bytes)
1642335999.819228 sending message 105 to peer 0x55f0a9e44250 (19 bytes)
1642335999.819237 sending message 105 to peer 0x55f0a9e44250 (45 bytes)
1642335999.819247 sending message 105 to peer 0x55f0a9e44250 (35 bytes)
1642335999.819256 sending message 105 to peer 0x55f0a9e44250 (21 bytes)
1642335999.819264 sending message 105 to peer 0x55f0a9e44250 (83 bytes)
1642335999.819272 sending message 105 to peer 0x55f0a9e44250 (27 bytes)
1642335999.819281 sending message 105 to peer 0x55f0a9e44250 (23 bytes)
1642335999.819289 sending message 105 to peer 0x55f0a9e44250 (44 bytes)
1642335999.819316 sending message 105 to peer 0x55f0a9e44250 (24 bytes)
1642335999.819326 sending message 105 to peer 0x55f0a9e44250 (23 bytes)
1642335999.819335 sending message 105 to peer 0x55f0a9e44250 (28 bytes)
1642335999.819344 sending message 105 to peer 0x55f0a9e44250 (42 bytes)
1642335999.819352 sending message 105 to peer 0x55f0a9e44250 (11 bytes)
1642335999.819361 sending message 105 to peer 0x55f0a9e44250 (66 bytes)
1642335999.819369 sending message 105 to peer 0x55f0a9e44250 (17 bytes)
1642335999.819378 sending message 105 to peer 0x55f0a9e44250 (21 bytes)
1642335999.819387 sending message 105 to peer 0x55f0a9e44250 (16 bytes)
1642335999.819396 sending message 105 to peer 0x55f0a9e44250 (52 bytes)
1642335999.819405 sending message 105 to peer 0x55f0a9e44250 (18 bytes)
1642335999.819414 sending message 105 to peer 0x55f0a9e44250 (20 bytes)
1642335999.819422 sending message 105 to peer 0x55f0a9e44250 (18 bytes)
1642335999.819430 sending message 105 to peer 0x55f0a9e44250 (33 bytes)
1642335999.819439 sending message 105 to peer 0x55f0a9e44250 (52 bytes)
1642335999.819447 sending message 105 to peer 0x55f0a9e44250 (64 bytes)
1642335999.819456 sending message 105 to peer 0x55f0a9e44250 (13 bytes)
1642335999.819465 sending message 105 to peer 0x55f0a9e44250 (15 bytes)
1642335999.819474 sending message 105 to peer 0x55f0a9e44250 (8 bytes)
1642335999.819483 sending message 105 to peer 0x55f0a9e44250 (15 bytes)
1642335999.819491 sending message 105 to peer 0x55f0a9e44250 (25 bytes)
1642335999.819500 sending message 105 to peer 0x55f0a9e44250 (18 bytes)
1642335999.819509 sending message 105 to peer 0x55f0a9e44250 (44 bytes)
1642335999.819518 sending message 105 to peer 0x55f0a9e44250 (11 bytes)
1642335999.819527 sending message 105 to peer 0x55f0a9e44250 (54 bytes)
1642335999.819536 sending message 105 to peer 0x55f0a9e44250 (31 bytes)
1642335999.819545 sending message 105 to peer 0x55f0a9e44250 (32 bytes)
1642335999.819554 sending message 105 to peer 0x55f0a9e44250 (44 bytes)
1642335999.819563 sending message 105 to peer 0x55f0a9e44250 (58 bytes)
1642335999.819571 sending message 105 to peer 0x55f0a9e44250 (45 bytes)
1642335999.819580 sending message 105 to peer 0x55f0a9e44250 (735 bytes)
1642335999.819590 sending message 105 to peer 0x55f0a9e44250 (30 bytes)
1642335999.819600 sending message 105 to peer 0x55f0a9e44250 (67 bytes)
1642335999.819609 sending message 105 to peer 0x55f0a9e44250 (15 bytes)
1642335999.819619 sending message 105 to peer 0x55f0a9e44250 (33 bytes)
1642335999.819627 sending message 105 to peer 0x55f0a9e44250 (19 bytes)
1642335999.819636 sending message 105 to peer 0x55f0a9e44250 (74 bytes)
1642335999.819644 sending message 105 to peer 0x55f0a9e44250 (19 bytes)
1642335999.819653 sending message 105 to peer 0x55f0a9e44250 (20 bytes)
1642335999.819661 sending message 105 to peer 0x55f0a9e44250 (16 bytes)
1642335999.819670 sending message 105 to peer 0x55f0a9e44250 (16 bytes)
1642335999.819681 sending message 106 to peer 0x55f0a9e44250 (0 bytes)
1642335999.819691 sending message 200 to peer 0x55f0a9e44250 (4 bytes)
1642335999.819701 client loop enter
1642335999.821610 peer 0x55f0a9e44250 message 211
1642335999.821668 peer 0x55f0a9e44250 message 203
1642335999.821683 client loop exit
